<?xml version="1.0" encoding="UTF-8"?>
<coverage generated="1749406163455" clover="3.2.0">
  <project timestamp="1749406163455" name="All files">
    <metrics statements="82" coveredstatements="50" conditionals="35" coveredconditionals="10" methods="14" coveredmethods="6" elements="131" coveredelements="66" complexity="0" loc="82" ncloc="82" packages="6" files="7" classes="7"/>
    <package name="src">
      <metrics statements="11" coveredstatements="7" conditionals="0" coveredconditionals="0" methods="1" coveredmethods="1"/>
      <file name="App.tsx" path="/home/av19/Projects/digital-kudos-wall-frontend/src/App.tsx">
        <metrics statements="7" coveredstatements="7" conditionals="0" coveredconditionals="0" methods="1" coveredmethods="1"/>
        <line num="1" count="2" type="stmt"/>
        <line num="2" count="2" type="stmt"/>
        <line num="3" count="2" type="stmt"/>
        <line num="4" count="2" type="stmt"/>
        <line num="5" count="2" type="stmt"/>
        <line num="9" count="3" type="stmt"/>
        <line num="49" count="2" type="stmt"/>
      </file>
      <file name="main.tsx" path="/home/av19/Projects/digital-kudos-wall-frontend/src/main.tsx">
        <metrics statements="4" coveredstatements="0" conditionals="0" coveredconditionals="0" methods="0" coveredmethods="0"/>
        <line num="1" count="0" type="stmt"/>
        <line num="2" count="0" type="stmt"/>
        <line num="3" count="0" type="stmt"/>
        <line num="5" count="0" type="stmt"/>
      </file>
    </package>
    <package name="src.features.auth.components">
      <metrics statements="5" coveredstatements="5" conditionals="12" coveredconditionals="5" methods="1" coveredmethods="1"/>
      <file name="RegistrationForm.tsx" path="/home/av19/Projects/digital-kudos-wall-frontend/src/features/auth/components/RegistrationForm.tsx">
        <metrics statements="5" coveredstatements="5" conditionals="12" coveredconditionals="5" methods="1" coveredmethods="1"/>
        <line num="1" count="2" type="stmt"/>
        <line num="2" count="2" type="stmt"/>
        <line num="23" count="2" type="stmt"/>
        <line num="32" count="3" type="stmt"/>
        <line num="88" count="2" type="stmt"/>
      </file>
    </package>
    <package name="src.features.auth.routes">
      <metrics statements="36" coveredstatements="21" conditionals="19" coveredconditionals="5" methods="5" coveredmethods="2"/>
      <file name="RegistrationPage.tsx" path="/home/av19/Projects/digital-kudos-wall-frontend/src/features/auth/routes/RegistrationPage.tsx">
        <metrics statements="36" coveredstatements="21" conditionals="19" coveredconditionals="5" methods="5" coveredmethods="2"/>
        <line num="1" count="2" type="stmt"/>
        <line num="2" count="2" type="stmt"/>
        <line num="3" count="2" type="stmt"/>
        <line num="4" count="2" type="stmt"/>
        <line num="5" count="2" type="stmt"/>
        <line num="7" count="2" type="stmt"/>
        <line num="8" count="6" type="stmt"/>
        <line num="9" count="6" type="stmt"/>
        <line num="10" count="6" type="stmt"/>
        <line num="13" count="2" type="stmt"/>
        <line num="14" count="3" type="stmt"/>
        <line num="15" count="3" type="stmt"/>
        <line num="17" count="3" type="stmt"/>
        <line num="18" count="3" type="stmt"/>
        <line num="19" count="3" type="stmt"/>
        <line num="20" count="3" type="stmt"/>
        <line num="21" count="3" type="stmt"/>
        <line num="23" count="3" type="stmt"/>
        <line num="24" count="0" type="stmt"/>
        <line num="25" count="0" type="stmt"/>
        <line num="26" count="0" type="stmt"/>
        <line num="28" count="0" type="stmt"/>
        <line num="29" count="0" type="cond" truecount="0" falsecount="2"/>
        <line num="31" count="0" type="stmt"/>
        <line num="32" count="0" type="stmt"/>
        <line num="33" count="0" type="stmt"/>
        <line num="36" count="0" type="stmt"/>
        <line num="40" count="0" type="stmt"/>
        <line num="43" count="0" type="cond" truecount="0" falsecount="2"/>
        <line num="44" count="0" type="stmt"/>
        <line num="46" count="0" type="stmt"/>
        <line num="49" count="0" type="stmt"/>
        <line num="53" count="3" type="cond" truecount="0" falsecount="1"/>
        <line num="54" count="0" type="stmt"/>
        <line num="70" count="3" type="stmt"/>
        <line num="116" count="2" type="stmt"/>
      </file>
    </package>
    <package name="src.features.kudos.components">
      <metrics statements="5" coveredstatements="4" conditionals="0" coveredconditionals="0" methods="1" coveredmethods="0"/>
      <file name="KudosCard.tsx" path="/home/av19/Projects/digital-kudos-wall-frontend/src/features/kudos/components/KudosCard.tsx">
        <metrics statements="5" coveredstatements="4" conditionals="0" coveredconditionals="0" methods="1" coveredmethods="0"/>
        <line num="1" count="2" type="stmt"/>
        <line num="2" count="2" type="stmt"/>
        <line num="19" count="2" type="stmt"/>
        <line num="20" count="0" type="stmt"/>
        <line num="49" count="2" type="stmt"/>
      </file>
    </package>
    <package name="src.features.kudos.routes">
      <metrics statements="17" coveredstatements="7" conditionals="1" coveredconditionals="0" methods="4" coveredmethods="0"/>
      <file name="KudosWallPage.tsx" path="/home/av19/Projects/digital-kudos-wall-frontend/src/features/kudos/routes/KudosWallPage.tsx">
        <metrics statements="17" coveredstatements="7" conditionals="1" coveredconditionals="0" methods="4" coveredmethods="0"/>
        <line num="1" count="2" type="stmt"/>
        <line num="2" count="2" type="stmt"/>
        <line num="3" count="2" type="stmt"/>
        <line num="4" count="2" type="stmt"/>
        <line num="6" count="2" type="stmt"/>
        <line num="39" count="2" type="stmt"/>
        <line num="40" count="0" type="stmt"/>
        <line num="41" count="0" type="stmt"/>
        <line num="43" count="0" type="stmt"/>
        <line num="45" count="0" type="stmt"/>
        <line num="46" count="0" type="stmt"/>
        <line num="47" count="0" type="stmt"/>
        <line num="51" count="0" type="cond" truecount="0" falsecount="1"/>
        <line num="52" count="0" type="stmt"/>
        <line num="59" count="0" type="stmt"/>
        <line num="66" count="0" type="stmt"/>
        <line num="75" count="2" type="stmt"/>
      </file>
    </package>
    <package name="src.services">
      <metrics statements="8" coveredstatements="6" conditionals="3" coveredconditionals="0" methods="2" coveredmethods="2"/>
      <file name="apiClient.ts" path="/home/av19/Projects/digital-kudos-wall-frontend/src/services/apiClient.ts">
        <metrics statements="8" coveredstatements="6" conditionals="3" coveredconditionals="0" methods="2" coveredmethods="2"/>
        <line num="1" count="3" type="stmt"/>
        <line num="13" count="4" type="stmt"/>
        <line num="15" count="1" type="stmt"/>
        <line num="23" count="1" type="cond" truecount="0" falsecount="1"/>
        <line num="24" count="0" type="stmt"/>
        <line num="25" count="0" type="cond" truecount="0" falsecount="2"/>
        <line num="28" count="1" type="stmt"/>
        <line num="32" count="3" type="stmt"/>
      </file>
    </package>
  </project>
</coverage>
