{"/home/av19/Projects/digital-kudos-wall-frontend/src/App.tsx": {"path":"/home/av19/Projects/digital-kudos-wall-frontend/src/App.tsx","statementMap":{"0":{"start":{"line":1,"column":0},"end":{"line":1,"column":80}},"1":{"start":{"line":2,"column":0},"end":{"line":2,"column":73}},"2":{"start":{"line":3,"column":0},"end":{"line":3,"column":19}},"3":{"start":{"line":4,"column":0},"end":{"line":4,"column":66}},"4":{"start":{"line":5,"column":0},"end":{"line":5,"column":71}},"5":{"start":{"line":9,"column":2},"end":{"line":46,"column":4}},"6":{"start":{"line":49,"column":0},"end":{"line":49,"column":19}}},"fnMap":{"0":{"name":"App","decl":{"start":{"line":7,"column":9},"end":{"line":7,"column":12}},"loc":{"start":{"line":7,"column":12},"end":{"line":47,"column":1}}}},"branchMap":{},"s":{"0":2,"1":2,"2":2,"3":2,"4":2,"5":3,"6":2},"f":{"0":3},"b":{}}
,"/home/av19/Projects/digital-kudos-wall-frontend/src/main.tsx": {"path":"/home/av19/Projects/digital-kudos-wall-frontend/src/main.tsx","statementMap":{"0":{"start":{"line":1,"column":0},"end":{"line":1,"column":40}},"1":{"start":{"line":2,"column":0},"end":{"line":2,"column":24}},"2":{"start":{"line":3,"column":0},"end":{"line":3,"column":21}},"3":{"start":{"line":5,"column":0},"end":{"line":5,"column":70}}},"fnMap":{},"branchMap":{},"s":{"0":0,"1":0,"2":0,"3":0},"f":{},"b":{}}
,"/home/av19/Projects/digital-kudos-wall-frontend/src/features/auth/components/RegistrationForm.tsx": {"path":"/home/av19/Projects/digital-kudos-wall-frontend/src/features/auth/components/RegistrationForm.tsx","statementMap":{"0":{"start":{"line":1,"column":0},"end":{"line":1,"column":26}},"1":{"start":{"line":2,"column":0},"end":{"line":2,"column":62}},"2":{"start":{"line":23,"column":58},"end":{"line":86,"column":1}},"3":{"start":{"line":32,"column":2},"end":{"line":85,"column":4}},"4":{"start":{"line":88,"column":0},"end":{"line":88,"column":32}}},"fnMap":{"0":{"name":"(anonymous_1)","decl":{"start":{"line":23,"column":58},"end":{"line":23,"column":59}},"loc":{"start":{"line":31,"column":5},"end":{"line":86,"column":1}}}},"branchMap":{"0":{"loc":{"start":{"line":30,"column":2},"end":{"line":30,"column":21}},"type":"default-arg","locations":[{"start":{"line":30,"column":16},"end":{"line":30,"column":21}}]},"1":{"loc":{"start":{"line":42,"column":7},"end":{"line":42,"column":55}},"type":"binary-expr","locations":[{"start":{"line":42,"column":7},"end":{"line":42,"column":12}},{"start":{"line":42,"column":16},"end":{"line":42,"column":55}}]},"2":{"loc":{"start":{"line":43,"column":7},"end":{"line":53,"column":null}},"type":"binary-expr","locations":[{"start":{"line":43,"column":7},"end":{"line":43,"column":19}},{"start":{"line":43,"column":23},"end":{"line":43,"column":27}},{"start":{"line":44,"column":8},"end":{"line":52,"column":null}}]},"3":{"loc":{"start":{"line":76,"column":9},"end":{"line":82,"column":28}},"type":"cond-expr","locations":[{"start":{"line":77,"column":12},"end":{"line":79,"column":35}},{"start":{"line":80,"column":12},"end":{"line":82,"column":28}}]},"4":{"loc":{"start":{"line":77,"column":12},"end":{"line":79,"column":35}},"type":"cond-expr","locations":[{"start":{"line":78,"column":14},"end":{"line":78,"column":29}},{"start":{"line":79,"column":14},"end":{"line":79,"column":35}}]},"5":{"loc":{"start":{"line":80,"column":12},"end":{"line":82,"column":28}},"type":"cond-expr","locations":[{"start":{"line":81,"column":12},"end":{"line":81,"column":21}},{"start":{"line":82,"column":12},"end":{"line":82,"column":28}}]}},"s":{"0":2,"1":2,"2":2,"3":3,"4":2},"f":{"0":3},"b":{"0":[0],"1":[3,0],"2":[3,3,0],"3":[0,3],"4":[0,0],"5":[0,3]}}
,"/home/av19/Projects/digital-kudos-wall-frontend/src/features/auth/routes/RegistrationPage.tsx": {"path":"/home/av19/Projects/digital-kudos-wall-frontend/src/features/auth/routes/RegistrationPage.tsx","statementMap":{"0":{"start":{"line":1,"column":0},"end":{"line":1,"column":40}},"1":{"start":{"line":2,"column":0},"end":{"line":2,"column":56}},"2":{"start":{"line":3,"column":0},"end":{"line":3,"column":62}},"3":{"start":{"line":4,"column":0},"end":{"line":4,"column":104}},"4":{"start":{"line":5,"column":0},"end":{"line":5,"column":47}},"5":{"start":{"line":7,"column":21},"end":{"line":11,"column":1}},"6":{"start":{"line":8,"column":28},"end":{"line":8,"column":50}},"7":{"start":{"line":9,"column":19},"end":{"line":9,"column":87}},"8":{"start":{"line":9,"column":63},"end":{"line":9,"column":87}},"9":{"start":{"line":10,"column":2},"end":{"line":10,"column":39}},"10":{"start":{"line":13,"column":35},"end":{"line":114,"column":1}},"11":{"start":{"line":14,"column":19},"end":{"line":14,"column":32}},"12":{"start":{"line":15,"column":22},"end":{"line":15,"column":52}},"13":{"start":{"line":17,"column":16},"end":{"line":17,"column":32}},"14":{"start":{"line":18,"column":19},"end":{"line":18,"column":35}},"15":{"start":{"line":19,"column":28},"end":{"line":19,"column":57}},"16":{"start":{"line":20,"column":36},"end":{"line":20,"column":51}},"17":{"start":{"line":21,"column":36},"end":{"line":21,"column":51}},"18":{"start":{"line":23,"column":23},"end":{"line":51,"column":3}},"19":{"start":{"line":24,"column":4},"end":{"line":24,"column":27}},"20":{"start":{"line":25,"column":4},"end":{"line":25,"column":23}},"21":{"start":{"line":26,"column":4},"end":{"line":26,"column":19}},"22":{"start":{"line":28,"column":4},"end":{"line":50,"column":5}},"23":{"start":{"line":29,"column":6},"end":{"line":41,"column":7}},"24":{"start":{"line":31,"column":8},"end":{"line":34,"column":17}},"25":{"start":{"line":32,"column":10},"end":{"line":32,"column":29}},"26":{"start":{"line":33,"column":10},"end":{"line":33,"column":30}},"27":{"start":{"line":36,"column":8},"end":{"line":39,"column":11}},"28":{"start":{"line":40,"column":8},"end":{"line":40,"column":27}},"29":{"start":{"line":43,"column":6},"end":{"line":47,"column":7}},"30":{"start":{"line":44,"column":8},"end":{"line":44,"column":30}},"31":{"start":{"line":46,"column":8},"end":{"line":46,"column":47}},"32":{"start":{"line":49,"column":6},"end":{"line":49,"column":26}},"33":{"start":{"line":53,"column":2},"end":{"line":68,"column":3}},"34":{"start":{"line":54,"column":4},"end":{"line":67,"column":6}},"35":{"start":{"line":70,"column":2},"end":{"line":113,"column":4}},"36":{"start":{"line":116,"column":0},"end":{"line":116,"column":32}}},"fnMap":{"0":{"name":"(anonymous_10)","decl":{"start":{"line":7,"column":21},"end":{"line":7,"column":22}},"loc":{"start":{"line":7,"column":46},"end":{"line":11,"column":1}}},"1":{"name":"(anonymous_11)","decl":{"start":{"line":9,"column":19},"end":{"line":9,"column":20}},"loc":{"start":{"line":9,"column":63},"end":{"line":9,"column":87}}},"2":{"name":"(anonymous_12)","decl":{"start":{"line":13,"column":35},"end":{"line":13,"column":38}},"loc":{"start":{"line":13,"column":40},"end":{"line":114,"column":1}}},"3":{"name":"(anonymous_13)","decl":{"start":{"line":23,"column":23},"end":{"line":23,"column":28}},"loc":{"start":{"line":23,"column":56},"end":{"line":51,"column":3}}},"4":{"name":"(anonymous_14)","decl":{"start":{"line":31,"column":19},"end":{"line":31,"column":22}},"loc":{"start":{"line":31,"column":24},"end":{"line":34,"column":9}}}},"branchMap":{"0":{"loc":{"start":{"line":29,"column":6},"end":{"line":41,"column":7}},"type":"if","locations":[{"start":{"line":29,"column":6},"end":{"line":41,"column":7}},{"start":{"line":35,"column":13},"end":{"line":41,"column":7}}]},"1":{"loc":{"start":{"line":43,"column":6},"end":{"line":47,"column":7}},"type":"if","locations":[{"start":{"line":43,"column":6},"end":{"line":47,"column":7}},{"start":{"line":45,"column":13},"end":{"line":47,"column":7}}]},"2":{"loc":{"start":{"line":53,"column":2},"end":{"line":68,"column":3}},"type":"if","locations":[{"start":{"line":53,"column":2},"end":{"line":68,"column":3}}]},"3":{"loc":{"start":{"line":59,"column":15},"end":{"line":59,"column":73}},"type":"cond-expr","locations":[{"start":{"line":59,"column":29},"end":{"line":59,"column":44}},{"start":{"line":59,"column":47},"end":{"line":59,"column":73}}]},"4":{"loc":{"start":{"line":62,"column":15},"end":{"line":62,"column":115}},"type":"cond-expr","locations":[{"start":{"line":62,"column":29},"end":{"line":62,"column":60}},{"start":{"line":62,"column":63},"end":{"line":62,"column":115}}]},"5":{"loc":{"start":{"line":81,"column":13},"end":{"line":81,"column":59}},"type":"cond-expr","locations":[{"start":{"line":81,"column":27},"end":{"line":81,"column":41}},{"start":{"line":81,"column":44},"end":{"line":81,"column":59}}]},"6":{"loc":{"start":{"line":84,"column":13},"end":{"line":84,"column":117}},"type":"cond-expr","locations":[{"start":{"line":84,"column":27},"end":{"line":84,"column":70}},{"start":{"line":84,"column":73},"end":{"line":84,"column":117}}]},"7":{"loc":{"start":{"line":102,"column":15},"end":{"line":102,"column":84}},"type":"cond-expr","locations":[{"start":{"line":102,"column":29},"end":{"line":102,"column":54}},{"start":{"line":102,"column":57},"end":{"line":102,"column":84}}]},"8":{"loc":{"start":{"line":104,"column":22},"end":{"line":104,"column":58}},"type":"cond-expr","locations":[{"start":{"line":104,"column":36},"end":{"line":104,"column":47}},{"start":{"line":104,"column":50},"end":{"line":104,"column":58}}]},"9":{"loc":{"start":{"line":106,"column":17},"end":{"line":106,"column":62}},"type":"cond-expr","locations":[{"start":{"line":106,"column":31},"end":{"line":106,"column":45}},{"start":{"line":106,"column":48},"end":{"line":106,"column":62}}]}},"s":{"0":2,"1":2,"2":2,"3":2,"4":2,"5":2,"6":6,"7":6,"8":0,"9":6,"10":2,"11":3,"12":3,"13":3,"14":3,"15":3,"16":3,"17":3,"18":3,"19":0,"20":0,"21":0,"22":0,"23":0,"24":0,"25":0,"26":0,"27":0,"28":0,"29":0,"30":0,"31":0,"32":0,"33":3,"34":0,"35":3,"36":2},"f":{"0":6,"1":0,"2":3,"3":0,"4":0},"b":{"0":[0,0],"1":[0,0],"2":[0],"3":[0,0],"4":[0,0],"5":[0,3],"6":[0,3],"7":[0,3],"8":[0,3],"9":[0,3]}}
,"/home/av19/Projects/digital-kudos-wall-frontend/src/features/kudos/components/KudosCard.tsx": {"path":"/home/av19/Projects/digital-kudos-wall-frontend/src/features/kudos/components/KudosCard.tsx","statementMap":{"0":{"start":{"line":1,"column":0},"end":{"line":1,"column":26}},"1":{"start":{"line":2,"column":0},"end":{"line":2,"column":75}},"2":{"start":{"line":19,"column":44},"end":{"line":47,"column":1}},"3":{"start":{"line":20,"column":2},"end":{"line":46,"column":4}},"4":{"start":{"line":49,"column":0},"end":{"line":49,"column":25}}},"fnMap":{"0":{"name":"(anonymous_1)","decl":{"start":{"line":19,"column":44},"end":{"line":19,"column":45}},"loc":{"start":{"line":19,"column":57},"end":{"line":47,"column":1}}}},"branchMap":{},"s":{"0":2,"1":2,"2":2,"3":0,"4":2},"f":{"0":0},"b":{}}
,"/home/av19/Projects/digital-kudos-wall-frontend/src/features/kudos/routes/KudosWallPage.tsx": {"path":"/home/av19/Projects/digital-kudos-wall-frontend/src/features/kudos/routes/KudosWallPage.tsx","statementMap":{"0":{"start":{"line":1,"column":0},"end":{"line":1,"column":51}},"1":{"start":{"line":2,"column":0},"end":{"line":2,"column":58}},"2":{"start":{"line":3,"column":0},"end":{"line":3,"column":77}},"3":{"start":{"line":4,"column":0},"end":{"line":4,"column":38}},"4":{"start":{"line":6,"column":26},"end":{"line":37,"column":2}},"5":{"start":{"line":39,"column":32},"end":{"line":73,"column":1}},"6":{"start":{"line":40,"column":28},"end":{"line":40,"column":48}},"7":{"start":{"line":41,"column":32},"end":{"line":41,"column":46}},"8":{"start":{"line":43,"column":2},"end":{"line":49,"column":9}},"9":{"start":{"line":45,"column":4},"end":{"line":48,"column":12}},"10":{"start":{"line":46,"column":6},"end":{"line":46,"column":26}},"11":{"start":{"line":47,"column":6},"end":{"line":47,"column":24}},"12":{"start":{"line":51,"column":2},"end":{"line":57,"column":3}},"13":{"start":{"line":52,"column":4},"end":{"line":56,"column":6}},"14":{"start":{"line":59,"column":2},"end":{"line":72,"column":4}},"15":{"start":{"line":66,"column":10},"end":{"line":66,"column":null}},"16":{"start":{"line":75,"column":0},"end":{"line":75,"column":29}}},"fnMap":{"0":{"name":"(anonymous_10)","decl":{"start":{"line":39,"column":32},"end":{"line":39,"column":35}},"loc":{"start":{"line":39,"column":37},"end":{"line":73,"column":1}}},"1":{"name":"(anonymous_11)","decl":{"start":{"line":43,"column":12},"end":{"line":43,"column":15}},"loc":{"start":{"line":43,"column":17},"end":{"line":49,"column":3}}},"2":{"name":"(anonymous_12)","decl":{"start":{"line":45,"column":15},"end":{"line":45,"column":18}},"loc":{"start":{"line":45,"column":20},"end":{"line":48,"column":5}}},"3":{"name":"(anonymous_13)","decl":{"start":{"line":65,"column":19},"end":{"line":65,"column":20}},"loc":{"start":{"line":66,"column":10},"end":{"line":66,"column":null}}}},"branchMap":{"0":{"loc":{"start":{"line":51,"column":2},"end":{"line":57,"column":3}},"type":"if","locations":[{"start":{"line":51,"column":2},"end":{"line":57,"column":3}}]}},"s":{"0":2,"1":2,"2":2,"3":2,"4":2,"5":2,"6":0,"7":0,"8":0,"9":0,"10":0,"11":0,"12":0,"13":0,"14":0,"15":0,"16":2},"f":{"0":0,"1":0,"2":0,"3":0},"b":{"0":[0]}}
,"/home/av19/Projects/digital-kudos-wall-frontend/src/services/apiClient.ts": {"path":"/home/av19/Projects/digital-kudos-wall-frontend/src/services/apiClient.ts","statementMap":{"0":{"start":{"line":1,"column":21},"end":{"line":1,"column":44}},"1":{"start":{"line":13,"column":31},"end":{"line":30,"column":2}},"2":{"start":{"line":13,"column":53},"end":{"line":30,"column":2}},"3":{"start":{"line":15,"column":21},"end":{"line":21,"column":6}},"4":{"start":{"line":23,"column":4},"end":{"line":26,"column":5}},"5":{"start":{"line":24,"column":20},"end":{"line":24,"column":41}},"6":{"start":{"line":25,"column":6},"end":{"line":25,"column":66}},"7":{"start":{"line":28,"column":4},"end":{"line":28,"column":27}},"8":{"start":{"line":13,"column":13},"end":{"line":13,"column":31}},"9":{"start":{"line":32,"column":13},"end":{"line":32,"column":55}}},"fnMap":{"0":{"name":"(anonymous_0)","decl":{"start":{"line":13,"column":31},"end":{"line":13,"column":32}},"loc":{"start":{"line":13,"column":53},"end":{"line":30,"column":2}}},"1":{"name":"(anonymous_1)","decl":{"start":{"line":14,"column":16},"end":{"line":14,"column":21}},"loc":{"start":{"line":14,"column":70},"end":{"line":29,"column":3}}}},"branchMap":{"0":{"loc":{"start":{"line":23,"column":4},"end":{"line":26,"column":5}},"type":"if","locations":[{"start":{"line":23,"column":4},"end":{"line":26,"column":5}}]},"1":{"loc":{"start":{"line":25,"column":22},"end":{"line":25,"column":64}},"type":"binary-expr","locations":[{"start":{"line":25,"column":22},"end":{"line":25,"column":35}},{"start":{"line":25,"column":39},"end":{"line":25,"column":64}}]}},"s":{"0":3,"1":3,"2":4,"3":1,"4":1,"5":0,"6":0,"7":1,"8":3,"9":3},"f":{"0":4,"1":1},"b":{"0":[0],"1":[0,0]}}
}
