TN:
SF:src/App.tsx
FN:7,App
FNF:1
FNH:1
FNDA:3,App
DA:1,2
DA:2,2
DA:3,2
DA:4,2
DA:5,2
DA:9,3
DA:49,2
LF:7
LH:7
BRF:0
BRH:0
end_of_record
TN:
SF:src/main.tsx
FNF:0
FNH:0
DA:1,0
DA:2,0
DA:3,0
DA:5,0
LF:4
LH:0
BRF:0
BRH:0
end_of_record
TN:
SF:src/features/auth/components/RegistrationForm.tsx
FN:23,(anonymous_1)
FNF:1
FNH:1
FNDA:3,(anonymous_1)
DA:1,2
DA:2,2
DA:23,2
DA:32,3
DA:88,2
LF:5
LH:5
BRDA:30,0,0,0
BRDA:42,1,0,3
BRDA:42,1,1,0
BRDA:43,2,0,3
BRDA:43,2,1,3
BRDA:43,2,2,0
BRDA:76,3,0,0
BRDA:76,3,1,3
BRDA:77,4,0,0
BRDA:77,4,1,0
BRDA:80,5,0,0
BRDA:80,5,1,3
BRF:12
BRH:5
end_of_record
TN:
SF:src/features/auth/routes/RegistrationPage.tsx
FN:7,(anonymous_10)
FN:9,(anonymous_11)
FN:13,(anonymous_12)
FN:23,(anonymous_13)
FN:31,(anonymous_14)
FNF:5
FNH:2
FNDA:6,(anonymous_10)
FNDA:0,(anonymous_11)
FNDA:3,(anonymous_12)
FNDA:0,(anonymous_13)
FNDA:0,(anonymous_14)
DA:1,2
DA:2,2
DA:3,2
DA:4,2
DA:5,2
DA:7,2
DA:8,6
DA:9,6
DA:10,6
DA:13,2
DA:14,3
DA:15,3
DA:17,3
DA:18,3
DA:19,3
DA:20,3
DA:21,3
DA:23,3
DA:24,0
DA:25,0
DA:26,0
DA:28,0
DA:29,0
DA:31,0
DA:32,0
DA:33,0
DA:36,0
DA:40,0
DA:43,0
DA:44,0
DA:46,0
DA:49,0
DA:53,3
DA:54,0
DA:70,3
DA:116,2
LF:36
LH:21
BRDA:29,0,0,0
BRDA:29,0,1,0
BRDA:43,1,0,0
BRDA:43,1,1,0
BRDA:53,2,0,0
BRDA:59,3,0,0
BRDA:59,3,1,0
BRDA:62,4,0,0
BRDA:62,4,1,0
BRDA:81,5,0,0
BRDA:81,5,1,3
BRDA:84,6,0,0
BRDA:84,6,1,3
BRDA:102,7,0,0
BRDA:102,7,1,3
BRDA:104,8,0,0
BRDA:104,8,1,3
BRDA:106,9,0,0
BRDA:106,9,1,3
BRF:19
BRH:5
end_of_record
TN:
SF:src/features/kudos/components/KudosCard.tsx
FN:19,(anonymous_1)
FNF:1
FNH:0
FNDA:0,(anonymous_1)
DA:1,2
DA:2,2
DA:19,2
DA:20,0
DA:49,2
LF:5
LH:4
BRF:0
BRH:0
end_of_record
TN:
SF:src/features/kudos/routes/KudosWallPage.tsx
FN:39,(anonymous_10)
FN:43,(anonymous_11)
FN:45,(anonymous_12)
FN:65,(anonymous_13)
FNF:4
FNH:0
FNDA:0,(anonymous_10)
FNDA:0,(anonymous_11)
FNDA:0,(anonymous_12)
FNDA:0,(anonymous_13)
DA:1,2
DA:2,2
DA:3,2
DA:4,2
DA:6,2
DA:39,2
DA:40,0
DA:41,0
DA:43,0
DA:45,0
DA:46,0
DA:47,0
DA:51,0
DA:52,0
DA:59,0
DA:66,0
DA:75,2
LF:17
LH:7
BRDA:51,0,0,0
BRF:1
BRH:0
end_of_record
TN:
SF:src/services/apiClient.ts
FN:13,(anonymous_0)
FN:14,(anonymous_1)
FNF:2
FNH:2
FNDA:4,(anonymous_0)
FNDA:1,(anonymous_1)
DA:1,3
DA:13,4
DA:15,1
DA:23,1
DA:24,0
DA:25,0
DA:28,1
DA:32,3
LF:8
LH:6
BRDA:23,0,0,0
BRDA:25,1,0,0
BRDA:25,1,1,0
BRF:3
BRH:0
end_of_record
